<?xml version="1.0" encoding="UTF-8"?>
<!-- Generated by org.testng.reporters.JUnitReportReporter -->
<testsuite hostname="LAPTOP-5RVEOITO" failures="0" tests="2" name="TestScripts.CreateContactScript" time="81.279" errors="0" timestamp="2025-03-15T09:09:53 IST" skipped="0">
  <testcase classname="TestScripts.CreateContactScript" name="createContactWithDateandLastName" time="46.137"/>
  <testcase classname="TestScripts.CreateContactScript" name="createContactWithLastName" time="35.142"/>
  <system-out>
    <![CDATA[Organization name Verified!!!]]>
  </system-out>
</testsuite> <!-- TestScripts.CreateContactScript -->
