<?xml version="1.0" encoding="UTF-8"?>
<!-- Generated by org.testng.reporters.JUnitReportReporter -->
<testsuite hostname="LAPTOP-5RVEOITO" failures="0" tests="3" name="TestScripts.CreateOrganizationTestScript" time="100.179" errors="0" timestamp="2025-03-15T09:09:53 IST" skipped="0">
  <testcase classname="TestScripts.CreateOrganizationTestScript" name="createOrganizationMethod" time="33.009">
    <system-out>
      <![CDATA[Organization name Verified!!!]]>
    </system-out>
  </testcase> <!-- createOrganizationMethod -->
  <testcase classname="TestScripts.CreateOrganizationTestScript" name="createOrganizationWithIndustry" time="32.585"/>
  <testcase classname="TestScripts.CreateOrganizationTestScript" name="createOrganizationWithIndustryAndPhone" time="34.585"/>
  <system-out>
    <![CDATA[Organization name Verified!!!]]>
  </system-out>
</testsuite> <!-- TestScripts.CreateOrganizationTestScript -->
