<?xml version="1.0" encoding="UTF-8"?>
<!-- Generated by org.testng.reporters.JUnitReportReporter -->
<testsuite hostname="LAPTOP-5RVEOITO" failures="0" tests="3" name="crm.vtiger.project.TestNG_OrganizationClass" time="103.577" errors="0" timestamp="2025-03-15T09:03:31 IST" skipped="0">
  <testcase classname="crm.vtiger.project.TestNG_OrganizationClass" name="createOrganizationMethod" time="35.591">
    <system-out>
      <![CDATA[Organization name Verified!!!]]>
    </system-out>
  </testcase> <!-- createOrganizationMethod -->
  <testcase classname="crm.vtiger.project.TestNG_OrganizationClass" name="createOrganizationWithIndustry" time="33.877"/>
  <testcase classname="crm.vtiger.project.TestNG_OrganizationClass" name="createOrganizationWithIndustryAndPhone" time="34.109"/>
  <system-out>
    <![CDATA[Organization name Verified!!!]]>
  </system-out>
</testsuite> <!-- crm.vtiger.project.TestNG_OrganizationClass -->
