<?xml version="1.0" encoding="UTF-8"?>
<!-- Generated by org.testng.reporters.JUnitReportReporter -->
<testsuite hostname="LAPTOP-5RVEOITO" failures="0" tests="2" name="crm.vtiger.project.TestNG_ContactsClass" time="140.793" errors="0" timestamp="2025-03-15T09:03:31 IST" skipped="0">
  <testcase classname="crm.vtiger.project.TestNG_ContactsClass" name="createContactWithDateandLastName" time="90.832"/>
  <testcase classname="crm.vtiger.project.TestNG_ContactsClass" name="createContactWithLastName" time="49.961"/>
  <system-out>
    <![CDATA[Organization name Verified!!!]]>
  </system-out>
</testsuite> <!-- crm.vtiger.project.TestNG_ContactsClass -->
